<?xml version="1.0" encoding="UTF-8"?>
<!-- Generated by org.testng.reporters.JUnitReportReporter -->
<testsuite hostname="KGNLP" failures="0" tests="5" name="com.test.tests.EndToEndTesting" time="15.959" errors="0" timestamp="2022-06-09T17:42:00 CDT" skipped="0">
  <testcase classname="com.test.tests.EndToEndTesting" name="TC_001_validLogin" time="4.955"/>
  <system-out/>
  <testcase classname="com.test.tests.EndToEndTesting" name="TC_002_addUserData" time="1.037"/>
  <system-out/>
  <testcase classname="com.test.tests.EndToEndTesting" name="TC_003_getUserData" time="7.731"/>
  <system-out/>
  <testcase classname="com.test.tests.EndToEndTesting" name="TC_004_updateUserData" time="1.939"/>
  <system-out/>
  <testcase classname="com.test.tests.EndToEndTesting" name="TC_005_deleteUserData" time="0.297"/>
  <system-out/>
</testsuite> <!-- com.test.tests.EndToEndTesting -->
