<?xml version="1.0" encoding="UTF-8"?>
<!-- Generated by org.testng.reporters.JUnitReportReporter -->
<testsuite hostname="KGNLP" failures="0" tests="5" name="com.test.tests.EndToEndTesting" time="21.539" errors="0" timestamp="2022-06-09T16:03:57 CDT" skipped="0">
  <testcase classname="com.test.tests.EndToEndTesting" name="TC_001_validLogin" time="5.018"/>
  <system-out/>
  <testcase classname="com.test.tests.EndToEndTesting" name="TC_002_addUserData" time="1.538"/>
  <system-out/>
  <testcase classname="com.test.tests.EndToEndTesting" name="TC_003_getUserData" time="11.661"/>
  <system-out/>
  <testcase classname="com.test.tests.EndToEndTesting" name="TC_004_updateUserData" time="2.979"/>
  <system-out/>
  <testcase classname="com.test.tests.EndToEndTesting" name="TC_005_deleteUserData" time="0.343"/>
  <system-out/>
</testsuite> <!-- com.test.tests.EndToEndTesting -->
